1 178
2 227
3 401
4 218
5 62
6 454
7 140
8 305
9 309
10 497
11 57
12 262
13 76
14 247
15 159
16 507
17 58
18 258
19 40
20 318
21 280
22 364
23 93
24 150
25 127
26 402
27 204
28 469
29 240
30 244
31 491
32 34
33 404
34 296
35 14
36 393
37 268
38 243
39 114
40 222
41 492
42 87
43 500
44 23
45 162
46 419
47 374
48 499
49 269
50 84
51 151
52 281
53 477
54 254
55 51
56 194
57 467
58 193
59 17
60 25
61 251
62 407
63 156
64 183
65 236
66 31
67 131
68 82
69 287
70 340
71 299
72 260
73 335
74 333
75 465
76 359
77 339
78 186
79 171
80 248
81 263
82 5
83 141
84 67
85 232
86 182
87 383
88 26
89 490
90 277
91 29
92 273
93 440
94 121
95 209
96 417
97 220
98 102
99 512
100 146
101 307
102 148
103 344
104 354
105 434
106 97
107 396
108 462
109 259
110 289
111 41
112 100
113 481
114 230
115 315
116 292
117 456
118 176
119 390
120 482
121 136
122 302
123 157
124 245
125 341
126 436
127 326
128 291
129 327
130 330
131 502
132 3
133 167
134 42
135 231
136 357
137 337
138 1
139 384
140 338
141 89
142 463
143 210
144 138
145 142
146 226
147 116
148 46
149 295
150 388
151 207
152 468
153 128
154 219
155 320
156 365
157 311
158 190
159 133
160 408
161 414
162 109
163 90
164 135
165 377
166 32
167 73
168 75
169 10
170 203
171 426
172 345
173 63
174 124
175 33
176 375
177 358
178 54
179 198
180 290
181 122
182 206
183 448
184 64
185 30
186 442
187 418
188 191
189 174
190 303
191 323
192 472
193 111
194 86
195 61
196 501
197 164
198 399
199 264
200 411
201 134
202 317
203 480
204 168
205 298
206 224
207 503
208 510
209 325
210 314
211 235
212 65
213 208
214 172
215 74
216 112
217 155
218 265
219 257
220 319
221 36
222 145
223 180
224 166
225 78
226 486
227 255
228 438
229 188
230 2
231 15
232 361
233 430
234 189
235 450
236 53
237 211
238 192
239 293
240 8
241 149
242 199
243 143
244 96
245 421
246 423
247 253
248 336
249 94
250 72
251 474
252 420
253 20
254 410
255 397
256 505
257 170
258 368
259 493
260 301
261 270
262 88
263 152
264 197
265 400
266 276
267 458
268 43
269 349
270 196
271 485
272 429
273 185
274 432
275 380
276 334
277 443
278 177
279 415
280 416
281 79
282 110
283 451
284 118
285 179
286 233
287 144
288 431
289 328
290 85
291 316
292 48
293 252
294 165
295 115
296 92
297 376
298 56
299 381
300 212
301 106
302 201
303 386
304 461
305 267
306 126
307 453
308 387
309 98
310 398
311 347
312 479
313 55
314 239
315 216
316 21
317 304
318 351
319 16
320 395
321 506
322 496
323 297
324 229
325 306
326 139
327 378
328 12
329 449
330 464
331 11
332 294
333 324
334 113
335 163
336 286
337 475
338 511
339 246
340 422
341 275
342 471
343 68
344 379
345 508
346 9
347 217
348 282
349 484
350 80
351 363
352 117
353 494
354 24
355 129
356 187
357 413
358 441
359 130
360 360
361 489
362 238
363 195
364 483
365 405
366 261
367 13
368 392
369 460
370 288
371 103
372 18
373 7
374 49
375 241
376 466
377 28
378 45
379 202
380 237
381 266
382 99
383 348
384 123
385 412
386 173
387 154
388 312
389 366
390 445
391 66
392 137
393 120
394 83
395 300
396 95
397 19
398 371
399 455
400 256
401 242
402 38
403 313
404 346
405 504
406 446
407 214
408 498
409 221
410 181
411 439
412 350
413 278
414 352
415 274
416 161
417 403
418 104
419 488
420 223
421 355
422 215
423 225
424 372
425 470
426 147
427 184
428 444
429 39
430 52
431 478
432 329
433 91
434 69
435 424
436 406
437 310
438 321
439 435
440 391
441 362
442 35
443 59
444 509
445 50
446 108
447 342
448 272
449 394
450 125
451 370
452 6
453 279
454 476
455 331
456 107
457 271
458 284
459 385
460 47
461 409
462 228
463 308
464 200
465 22
466 27
467 205
468 427
469 428
470 343
471 249
472 60
473 459
474 153
475 322
476 457
477 285
478 382
479 369
480 433
481 213
482 132
483 425
484 4
485 234
486 105
487 356
488 119
489 160
490 332
491 367
492 71
493 373
494 437
495 447
496 495
497 81
498 77
499 175
500 283
501 353
502 487
503 70
504 250
505 158
506 389
507 37
508 473
509 44
510 169
511 101
512 452